Command line:
   Top_isim_beh.exe
     -simmode  gui
     -simrunnum  0
     -socket  55129

Sun Nov 17 11:43:34 2013


 Elaboration Time: 0.218402 sec

 Current Memory Usage: 1473.34 Meg

 Total Signals          : 48
 Total Nets             : 40
 Total Signal Drivers   : 20
 Total Blocks           : 4
 Total Primitive Blocks : 3
 Total Processes        : 18
 Total Traceable Variables  : 8
 Total Scalar Nets and Variables : 400
Total Line Count : 75

 Total Simulation Time: 0.249602 sec

 Current Memory Usage: 1473.34 Meg

Sun Nov 17 11:43:39 2013

