Release 14.6 - xst P.68d (nt64)
Copyright (c) 1995-2013 Xilinx, Inc.  All rights reserved.
--> Parameter TMPDIR set to xst/projnav.tmp


Total REAL time to Xst completion: 0.00 secs
Total CPU time to Xst completion: 0.21 secs
 
--> Parameter xsthdpdir set to xst


Total REAL time to Xst completion: 0.00 secs
Total CPU time to Xst completion: 0.21 secs
 
--> Reading design: STM_SWD.prj

TABLE OF CONTENTS
  1) Synthesis Options Summary
  2) HDL Compilation
  3) Design Hierarchy Analysis
  4) HDL Analysis
  5) HDL Synthesis
     5.1) HDL Synthesis Report
  6) Advanced HDL Synthesis
     6.1) Advanced HDL Synthesis Report
  7) Low Level Synthesis
  8) Partition Report
  9) Final Report
	9.1) Device utilization summary
	9.2) Partition Resource Summary
	9.3) TIMING REPORT


=========================================================================
*                      Synthesis Options Summary                        *
=========================================================================
---- Source Parameters
Input File Name                    : "STM_SWD.prj"
Input Format                       : mixed
Ignore Synthesis Constraint File   : NO

---- Target Parameters
Output File Name                   : "STM_SWD"
Output Format                      : NGC
Target Device                      : xc3s500e-5-fg320

---- Source Options
Top Module Name                    : STM_SWD
Automatic FSM Extraction           : YES
FSM Encoding Algorithm             : Auto
Safe Implementation                : No
FSM Style                          : LUT
RAM Extraction                     : Yes
RAM Style                          : Auto
ROM Extraction                     : Yes
Mux Style                          : Auto
Decoder Extraction                 : YES
Priority Encoder Extraction        : Yes
Shift Register Extraction          : YES
Logical Shifter Extraction         : YES
XOR Collapsing                     : YES
ROM Style                          : Auto
Mux Extraction                     : Yes
Resource Sharing                   : YES
Asynchronous To Synchronous        : NO
Multiplier Style                   : Auto
Automatic Register Balancing       : No

---- Target Options
Add IO Buffers                     : YES
Global Maximum Fanout              : 100000
Add Generic Clock Buffer(BUFG)     : 24
Register Duplication               : YES
Slice Packing                      : YES
Optimize Instantiated Primitives   : NO
Use Clock Enable                   : Yes
Use Synchronous Set                : Yes
Use Synchronous Reset              : Yes
Pack IO Registers into IOBs        : Auto
Equivalent register Removal        : YES

---- General Options
Optimization Goal                  : Speed
Optimization Effort                : 1
Keep Hierarchy                     : No
Netlist Hierarchy                  : As_Optimized
RTL Output                         : Yes
Global Optimization                : AllClockNets
Read Cores                         : YES
Write Timing Constraints           : NO
Cross Clock Analysis               : NO
Hierarchy Separator                : /
Bus Delimiter                      : <>
Case Specifier                     : Maintain
Slice Utilization Ratio            : 100
BRAM Utilization Ratio             : 100
Verilog 2001                       : YES
Auto BRAM Packing                  : NO
Slice Utilization Ratio Delta      : 5

=========================================================================


=========================================================================
*                          HDL Compilation                              *
=========================================================================
Compiling vhdl file "C:/sw_repo/Soft/WIP/STMTest.vhd" in Library work.
Entity <stm_swd> compiled.
Entity <stm_swd> (Architecture <stm_swd_a>) compiled.

=========================================================================
*                     Design Hierarchy Analysis                         *
=========================================================================
Analyzing hierarchy for entity <STM_SWD> in library <work> (architecture <stm_swd_a>).


=========================================================================
*                            HDL Analysis                               *
=========================================================================
Analyzing Entity <STM_SWD> in library <work> (Architecture <stm_swd_a>).
INFO:Xst:2679 - Register <a_trigger> in unit <STM_SWD> has a constant value of 0 during circuit operation. The register is replaced by logic.
Entity <STM_SWD> analyzed. Unit <STM_SWD> generated.


=========================================================================
*                           HDL Synthesis                               *
=========================================================================

Performing bidirectional port resolution...

Synthesizing Unit <STM_SWD>.
    Related source file is "C:/sw_repo/Soft/WIP/STMTest.vhd".
WARNING:Xst:1780 - Signal <sample> is never used or assigned. This unconnected signal will be trimmed during the optimization process.
    Found 152x1-bit ROM for signal <TMS$rom0000> created at line 101.
    Found finite state machine <FSM_0> for signal <state>.
    -----------------------------------------------------------------------
    | States             | 3                                              |
    | Transitions        | 6                                              |
    | Inputs             | 3                                              |
    | Outputs            | 2                                              |
    | Clock              | clk                       (rising_edge)        |
    | Reset              | reset                     (negative)           |
    | Reset type         | asynchronous                                   |
    | Reset State        | sreset                                         |
    | Power Up State     | sreset                                         |
    | Encoding           | automatic                                      |
    | Implementation     | LUT                                            |
    -----------------------------------------------------------------------
    Found 1-bit register for signal <TMS>.
    Found 1-bit register for signal <SWD_out>.
    Found 8-bit register for signal <bit_count>.
    Found 8-bit adder for signal <bit_count$addsub0000> created at line 154.
    Found 8-bit comparator greatequal for signal <bit_count$cmp_ge0000> created at line 153.
    Found 23-bit up counter for signal <clk_prescaler>.
    Found 23-bit comparator less for signal <sTCK$cmp_lt0000> created at line 227.
    Found 1-bit register for signal <trigger_strobe>.
    Summary:
	inferred   1 Finite State Machine(s).
	inferred   1 ROM(s).
	inferred   1 Counter(s).
	inferred  11 D-type flip-flop(s).
	inferred   1 Adder/Subtractor(s).
	inferred   2 Comparator(s).
Unit <STM_SWD> synthesized.


=========================================================================
HDL Synthesis Report

Macro Statistics
# ROMs                                                 : 1
 152x1-bit ROM                                         : 1
# Adders/Subtractors                                   : 1
 8-bit adder                                           : 1
# Counters                                             : 1
 23-bit up counter                                     : 1
# Registers                                            : 4
 1-bit register                                        : 3
 8-bit register                                        : 1
# Comparators                                          : 2
 23-bit comparator less                                : 1
 8-bit comparator greatequal                           : 1

=========================================================================

=========================================================================
*                       Advanced HDL Synthesis                          *
=========================================================================

Analyzing FSM <FSM_0> for best encoding.
Optimizing FSM <state/FSM> on signal <state[1:2]> with gray encoding.
----------------------
 State    | Encoding
----------------------
 sreset   | 00
 srun     | 01
 sdatareg | 11
----------------------

=========================================================================
Advanced HDL Synthesis Report

Macro Statistics
# FSMs                                                 : 1
# ROMs                                                 : 1
 152x1-bit ROM                                         : 1
# Adders/Subtractors                                   : 1
 8-bit adder                                           : 1
# Counters                                             : 1
 23-bit up counter                                     : 1
# Registers                                            : 11
 Flip-Flops                                            : 11
# Comparators                                          : 2
 23-bit comparator less                                : 1
 8-bit comparator greatequal                           : 1

=========================================================================

=========================================================================
*                         Low Level Synthesis                           *
=========================================================================

Optimizing unit <STM_SWD> ...

Mapping all equations...
Building and optimizing final netlist ...
Found area constraint ratio of 100 (+ 5) on block STM_SWD, actual ratio is 1.

Final Macro Processing ...

=========================================================================
Final Register Report

Macro Statistics
# Registers                                            : 36
 Flip-Flops                                            : 36

=========================================================================

=========================================================================
*                           Partition Report                            *
=========================================================================

Partition Implementation Status
-------------------------------

  No Partitions were found in this design.

-------------------------------

=========================================================================
*                            Final Report                               *
=========================================================================
Final Results
RTL Top Level Output File Name     : STM_SWD.ngr
Top Level Output File Name         : STM_SWD
Output Format                      : NGC
Optimization Goal                  : Speed
Keep Hierarchy                     : No

Design Statistics
# IOs                              : 14

Cell Usage :
# BELS                             : 161
#      GND                         : 1
#      INV                         : 3
#      LUT1                        : 26
#      LUT2                        : 30
#      LUT2_D                      : 1
#      LUT3                        : 8
#      LUT3_D                      : 1
#      LUT3_L                      : 1
#      LUT4                        : 25
#      LUT4_D                      : 4
#      LUT4_L                      : 3
#      MUXCY                       : 31
#      MUXF5                       : 2
#      MUXF6                       : 1
#      VCC                         : 1
#      XORCY                       : 23
# FlipFlops/Latches                : 36
#      FDC                         : 26
#      FDCE                        : 8
#      FDP                         : 2
# Clock Buffers                    : 1
#      BUFGP                       : 1
# IO Buffers                       : 13
#      IBUF                        : 4
#      OBUF                        : 9
=========================================================================

Device utilization summary:
---------------------------

Selected Device : 3s500efg320-5 

 Number of Slices:                       55  out of   4656     1%  
 Number of Slice Flip Flops:             36  out of   9312     0%  
 Number of 4 input LUTs:                102  out of   9312     1%  
 Number of IOs:                          14
 Number of bonded IOBs:                  14  out of    232     6%  
 Number of GCLKs:                         1  out of     24     4%  

---------------------------
Partition Resource Summary:
---------------------------

  No Partitions were found in this design.

---------------------------


=========================================================================
TIMING REPORT

NOTE: THESE TIMING NUMBERS ARE ONLY A SYNTHESIS ESTIMATE.
      FOR ACCURATE TIMING INFORMATION PLEASE REFER TO THE TRACE REPORT
      GENERATED AFTER PLACE-and-ROUTE.

Clock Information:
------------------
-----------------------------------+------------------------+-------+
Clock Signal                       | Clock buffer(FF name)  | Load  |
-----------------------------------+------------------------+-------+
clk                                | BUFGP                  | 36    |
-----------------------------------+------------------------+-------+

Asynchronous Control Signals Information:
----------------------------------------
-----------------------------------+------------------------+-------+
Control Signal                     | Buffer(FF name)        | Load  |
-----------------------------------+------------------------+-------+
nTRST_inv(nTRST_inv1_INV_0:O)      | NONE(SWD_out)          | 36    |
-----------------------------------+------------------------+-------+

Timing Summary:
---------------
Speed Grade: -5

   Minimum period: 5.513ns (Maximum Frequency: 181.391MHz)
   Minimum input arrival time before clock: 1.731ns
   Maximum output required time after clock: 7.441ns
   Maximum combinational path delay: 4.726ns

Timing Detail:
--------------
All values displayed in nanoseconds (ns)

=========================================================================
Timing constraint: Default period analysis for Clock 'clk'
  Clock period: 5.513ns (frequency: 181.391MHz)
  Total number of paths / destination ports: 1183 / 43
-------------------------------------------------------------------------
Delay:               5.513ns (Levels of Logic = 4)
  Source:            clk_prescaler_7 (FF)
  Destination:       clk_prescaler_0 (FF)
  Source Clock:      clk rising
  Destination Clock: clk rising

  Data Path: clk_prescaler_7 to clk_prescaler_0
                                Gate     Net
    Cell:in->out      fanout   Delay   Delay  Logical Name (Net Name)
    ----------------------------------------  ------------
     FDC:C->Q              2   0.514   0.532  clk_prescaler_7 (clk_prescaler_7)
     LUT4:I0->O            1   0.612   0.387  bit_count_not0001110 (bit_count_not0001110)
     LUT4:I2->O            4   0.612   0.502  bit_count_not0001126 (N1)
     LUT4_D:I3->O         11   0.612   0.862  clk_prescaler_cmp_eq0000_1 (clk_prescaler_cmp_eq00001)
     LUT2:I1->O            1   0.612   0.000  Mcount_clk_prescaler_eqn_111 (Mcount_clk_prescaler_eqn_11)
     FDC:D                     0.268          clk_prescaler_11
    ----------------------------------------
    Total                      5.513ns (3.230ns logic, 2.283ns route)
                                       (58.6% logic, 41.4% route)

=========================================================================
Timing constraint: Default OFFSET IN BEFORE for Clock 'clk'
  Total number of paths / destination ports: 1 / 1
-------------------------------------------------------------------------
Offset:              1.731ns (Levels of Logic = 1)
  Source:            trigger (PAD)
  Destination:       trigger_strobe (FF)
  Destination Clock: clk rising

  Data Path: trigger to trigger_strobe
                                Gate     Net
    Cell:in->out      fanout   Delay   Delay  Logical Name (Net Name)
    ----------------------------------------  ------------
     IBUF:I->O             1   1.106   0.357  trigger_IBUF (trigger_IBUF)
     FDC:D                     0.268          trigger_strobe
    ----------------------------------------
    Total                      1.731ns (1.374ns logic, 0.357ns route)
                                       (79.4% logic, 20.6% route)

=========================================================================
Timing constraint: Default OFFSET OUT AFTER for Clock 'clk'
  Total number of paths / destination ports: 37 / 5
-------------------------------------------------------------------------
Offset:              7.441ns (Levels of Logic = 12)
  Source:            clk_prescaler_8 (FF)
  Destination:       TCK (PAD)
  Source Clock:      clk rising

  Data Path: clk_prescaler_8 to TCK
                                Gate     Net
    Cell:in->out      fanout   Delay   Delay  Logical Name (Net Name)
    ----------------------------------------  ------------
     FDC:C->Q              3   0.514   0.603  clk_prescaler_8 (clk_prescaler_8)
     LUT4:I0->O            1   0.612   0.000  Mcompar_sTCK_cmp_lt0000_lut<0> (Mcompar_sTCK_cmp_lt0000_lut<0>)
     MUXCY:S->O            1   0.404   0.000  Mcompar_sTCK_cmp_lt0000_cy<0> (Mcompar_sTCK_cmp_lt0000_cy<0>)
     MUXCY:CI->O           1   0.051   0.000  Mcompar_sTCK_cmp_lt0000_cy<1> (Mcompar_sTCK_cmp_lt0000_cy<1>)
     MUXCY:CI->O           1   0.051   0.000  Mcompar_sTCK_cmp_lt0000_cy<2> (Mcompar_sTCK_cmp_lt0000_cy<2>)
     MUXCY:CI->O           1   0.051   0.000  Mcompar_sTCK_cmp_lt0000_cy<3> (Mcompar_sTCK_cmp_lt0000_cy<3>)
     MUXCY:CI->O           1   0.051   0.000  Mcompar_sTCK_cmp_lt0000_cy<4> (Mcompar_sTCK_cmp_lt0000_cy<4>)
     MUXCY:CI->O           1   0.051   0.000  Mcompar_sTCK_cmp_lt0000_cy<5> (Mcompar_sTCK_cmp_lt0000_cy<5>)
     MUXCY:CI->O           1   0.051   0.000  Mcompar_sTCK_cmp_lt0000_cy<6> (Mcompar_sTCK_cmp_lt0000_cy<6>)
     MUXCY:CI->O           1   0.051   0.000  Mcompar_sTCK_cmp_lt0000_cy<7> (Mcompar_sTCK_cmp_lt0000_cy<7>)
     MUXCY:CI->O           1   0.399   0.387  Mcompar_sTCK_cmp_lt0000_cy<8> (Mcompar_sTCK_cmp_lt0000_cy<8>)
     LUT3:I2->O            2   0.612   0.380  sTCK1 (state_led1_OBUF)
     OBUF:I->O                 3.169          TCK_OBUF (TCK)
    ----------------------------------------
    Total                      7.441ns (6.071ns logic, 1.370ns route)
                                       (81.6% logic, 18.4% route)

=========================================================================
Timing constraint: Default path analysis
  Total number of paths / destination ports: 4 / 4
-------------------------------------------------------------------------
Delay:               4.726ns (Levels of Logic = 2)
  Source:            reset (PAD)
  Destination:       reset_led (PAD)

  Data Path: reset to reset_led
                                Gate     Net
    Cell:in->out      fanout   Delay   Delay  Logical Name (Net Name)
    ----------------------------------------  ------------
     IBUF:I->O             3   1.106   0.451  reset_IBUF (nTRST_OBUF)
     OBUF:I->O                 3.169          reset_led_OBUF (reset_led)
    ----------------------------------------
    Total                      4.726ns (4.275ns logic, 0.451ns route)
                                       (90.5% logic, 9.5% route)

=========================================================================


Total REAL time to Xst completion: 9.00 secs
Total CPU time to Xst completion: 8.78 secs
 
--> 

Total memory usage is 258544 kilobytes

Number of errors   :    0 (   0 filtered)
Number of warnings :    1 (   0 filtered)
Number of infos    :    1 (   0 filtered)

