Running: fuse.exe -relaunch -intstyle "ise" -incremental -o "C:/!DYPLOM/BScan/Top_test_isim_beh.exe" -prj "C:/!DYPLOM/BScan/Top_test_beh.prj" "work.Top_test" 
ISim P.68d (signature 0x7708f090)
Number of CPUs detected in this system: 4
Turning on mult-threading, number of parallel sub-compilation jobs: 8 
Determining compilation order of HDL files
Parsing VHDL file "C:/!DYPLOM/BScan/InstructionRegister.vhd" into library work
Parsing VHDL file "C:/!DYPLOM/BScan/boundary_scan_device.vhd" into library work
Parsing VHDL file "C:/!DYPLOM/BScan/Top.vhd" into library work
Parsing VHDL file "C:/!DYPLOM/BScan/Top_test.vhd" into library work
Starting static elaboration
Completed static elaboration
Compiling package standard
Compiling package std_logic_1164
Compiling package numeric_std
Compiling architecture tap_a of entity TAP [tap_default]
Compiling architecture behavioral of entity InstrDataRegister [instrdataregister_default]
Compiling architecture top_a of entity Top [top_default]
Compiling architecture top_test_a of entity top_test
Time Resolution for simulation is 1ps.
Waiting for 1 sub-compilation(s) to finish...
Compiled 10 VHDL Units
Built simulation executable C:/!DYPLOM/BScan/Top_test_isim_beh.exe
Fuse Memory Usage: 34952 KB
Fuse CPU Usage: 888 ms
