Command line:
   TAP_tb_isim_beh.exe
     -simmode  gui
     -simrunnum  0
     -socket  59446

Sun Oct 20 19:58:57 2013


 Elaboration Time: 0.156 sec

 Current Memory Usage: 1473.34 Meg

 Total Signals          : 28
 Total Nets             : 16
 Total Signal Drivers   : 14
 Total Blocks           : 3
 Total Primitive Blocks : 2
 Total Processes        : 13
 Total Traceable Variables  : 8
 Total Scalar Nets and Variables : 376
Total Line Count : 106

** Failure:Assertion violation
User(VHDL) Code Called Simulation Stop
In process TAP_tb.vhd:Test 
 


 Total Simulation Time: 0.1872 sec

 Current Memory Usage: 1473.34 Meg

Sun Oct 20 19:59:25 2013

